The system is: Linux - 4.18.0-193.6.3.el8_2.x86_64 - x86_64
Compiling the CXX compiler identification source file "CMakeCXXCompilerId.cpp" succeeded.
Compiler: /usr/bin/c++ 
Build flags: 
Id flags:  

The output was:
0


Compilation of the CXX compiler identification source "CMakeCXXCompilerId.cpp" produced "a.out"

The CXX compiler identification is GNU, found in "/wksp/int/KGLRefactor/karma/nbbuild/CMakeFiles/3.11.4/CompilerIdCXX/a.out"

Determining if the CXX compiler works passed with the following output:
Change Dir: /wksp/int/KGLRefactor/karma/nbbuild/CMakeFiles/CMakeTmp

Run Build Command:"/usr/bin/gmake" "cmTC_35127/fast"
/usr/bin/gmake -f CMakeFiles/cmTC_35127.dir/build.make CMakeFiles/cmTC_35127.dir/build
gmake[1]: Entering directory '/wksp/int/KGLRefactor/karma/nbbuild/CMakeFiles/CMakeTmp'
Building CXX object CMakeFiles/cmTC_35127.dir/testCXXCompiler.cxx.o
/usr/bin/c++     -o CMakeFiles/cmTC_35127.dir/testCXXCompiler.cxx.o -c /wksp/int/KGLRefactor/karma/nbbuild/CMakeFiles/CMakeTmp/testCXXCompiler.cxx
Linking CXX executable cmTC_35127
/usr/bin/cmake -E cmake_link_script CMakeFiles/cmTC_35127.dir/link.txt --verbose=1
/usr/bin/c++       CMakeFiles/cmTC_35127.dir/testCXXCompiler.cxx.o  -o cmTC_35127 
gmake[1]: Leaving directory '/wksp/int/KGLRefactor/karma/nbbuild/CMakeFiles/CMakeTmp'


Detecting CXX compiler ABI info compiled with the following output:
Change Dir: /wksp/int/KGLRefactor/karma/nbbuild/CMakeFiles/CMakeTmp

Run Build Command:"/usr/bin/gmake" "cmTC_34bca/fast"
/usr/bin/gmake -f CMakeFiles/cmTC_34bca.dir/build.make CMakeFiles/cmTC_34bca.dir/build
gmake[1]: Entering directory '/wksp/int/KGLRefactor/karma/nbbuild/CMakeFiles/CMakeTmp'
Building CXX object CMakeFiles/cmTC_34bca.dir/CMakeCXXCompilerABI.cpp.o
/usr/bin/c++     -o CMakeFiles/cmTC_34bca.dir/CMakeCXXCompilerABI.cpp.o -c /usr/share/cmake/Modules/CMakeCXXCompilerABI.cpp
Linking CXX executable cmTC_34bca
/usr/bin/cmake -E cmake_link_script CMakeFiles/cmTC_34bca.dir/link.txt --verbose=1
/usr/bin/c++      -v CMakeFiles/cmTC_34bca.dir/CMakeCXXCompilerABI.cpp.o  -o cmTC_34bca 
Using built-in specs.
COLLECT_GCC=/usr/bin/c++
COLLECT_LTO_WRAPPER=/usr/libexec/gcc/x86_64-redhat-linux/8/lto-wrapper
OFFLOAD_TARGET_NAMES=nvptx-none
OFFLOAD_TARGET_DEFAULT=1
Target: x86_64-redhat-linux
Configured with: ../configure --enable-bootstrap --enable-languages=c,c++,fortran,lto --prefix=/usr --mandir=/usr/share/man --infodir=/usr/share/info --with-bugurl=http://bugzilla.redhat.com/bugzilla --enable-shared --enable-threads=posix --enable-checking=release --enable-multilib --with-system-zlib --enable-__cxa_atexit --disable-libunwind-exceptions --enable-gnu-unique-object --enable-linker-build-id --with-gcc-major-version-only --with-linker-hash-style=gnu --enable-plugin --enable-initfini-array --with-isl --disable-libmpx --enable-offload-targets=nvptx-none --without-cuda-driver --enable-gnu-indirect-function --enable-cet --with-tune=generic --with-arch_32=x86-64 --build=x86_64-redhat-linux
Thread model: posix
gcc version 8.3.1 20191121 (Red Hat 8.3.1-5) (GCC) 
COMPILER_PATH=/usr/libexec/gcc/x86_64-redhat-linux/8/:/usr/libexec/gcc/x86_64-redhat-linux/8/:/usr/libexec/gcc/x86_64-redhat-linux/:/usr/lib/gcc/x86_64-redhat-linux/8/:/usr/lib/gcc/x86_64-redhat-linux/
LIBRARY_PATH=/usr/lib/gcc/x86_64-redhat-linux/8/:/usr/lib/gcc/x86_64-redhat-linux/8/../../../../lib64/:/lib/../lib64/:/usr/lib/../lib64/:/usr/lib/gcc/x86_64-redhat-linux/8/../../../:/lib/:/usr/lib/
COLLECT_GCC_OPTIONS='-v' '-o' 'cmTC_34bca' '-shared-libgcc' '-mtune=generic' '-march=x86-64'
 /usr/libexec/gcc/x86_64-redhat-linux/8/collect2 -plugin /usr/libexec/gcc/x86_64-redhat-linux/8/liblto_plugin.so -plugin-opt=/usr/libexec/gcc/x86_64-redhat-linux/8/lto-wrapper -plugin-opt=-fresolution=/tmp/ccGVopDe.res -plugin-opt=-pass-through=-lgcc_s -plugin-opt=-pass-through=-lgcc -plugin-opt=-pass-through=-lc -plugin-opt=-pass-through=-lgcc_s -plugin-opt=-pass-through=-lgcc --build-id --no-add-needed --eh-frame-hdr --hash-style=gnu -m elf_x86_64 -dynamic-linker /lib64/ld-linux-x86-64.so.2 -o cmTC_34bca /usr/lib/gcc/x86_64-redhat-linux/8/../../../../lib64/crt1.o /usr/lib/gcc/x86_64-redhat-linux/8/../../../../lib64/crti.o /usr/lib/gcc/x86_64-redhat-linux/8/crtbegin.o -L/usr/lib/gcc/x86_64-redhat-linux/8 -L/usr/lib/gcc/x86_64-redhat-linux/8/../../../../lib64 -L/lib/../lib64 -L/usr/lib/../lib64 -L/usr/lib/gcc/x86_64-redhat-linux/8/../../.. CMakeFiles/cmTC_34bca.dir/CMakeCXXCompilerABI.cpp.o -lstdc++ -lm -lgcc_s -lgcc -lc -lgcc_s -lgcc /usr/lib/gcc/x86_64-redhat-linux/8/crtend.o /usr/lib/gcc/x86_64-redhat-linux/8/../../../../lib64/crtn.o
COLLECT_GCC_OPTIONS='-v' '-o' 'cmTC_34bca' '-shared-libgcc' '-mtune=generic' '-march=x86-64'
gmake[1]: Leaving directory '/wksp/int/KGLRefactor/karma/nbbuild/CMakeFiles/CMakeTmp'


Parsed CXX implicit link information from above output:
  link line regex: [^( *|.*[/\])(ld|CMAKE_LINK_STARTFILE-NOTFOUND|([^/\]+-)?ld|collect2)[^/\]*( |$)]
  ignore line: [Change Dir: /wksp/int/KGLRefactor/karma/nbbuild/CMakeFiles/CMakeTmp]
  ignore line: []
  ignore line: [Run Build Command:"/usr/bin/gmake" "cmTC_34bca/fast"]
  ignore line: [/usr/bin/gmake -f CMakeFiles/cmTC_34bca.dir/build.make CMakeFiles/cmTC_34bca.dir/build]
  ignore line: [gmake[1]: Entering directory '/wksp/int/KGLRefactor/karma/nbbuild/CMakeFiles/CMakeTmp']
  ignore line: [Building CXX object CMakeFiles/cmTC_34bca.dir/CMakeCXXCompilerABI.cpp.o]
  ignore line: [/usr/bin/c++     -o CMakeFiles/cmTC_34bca.dir/CMakeCXXCompilerABI.cpp.o -c /usr/share/cmake/Modules/CMakeCXXCompilerABI.cpp]
  ignore line: [Linking CXX executable cmTC_34bca]
  ignore line: [/usr/bin/cmake -E cmake_link_script CMakeFiles/cmTC_34bca.dir/link.txt --verbose=1]
  ignore line: [/usr/bin/c++      -v CMakeFiles/cmTC_34bca.dir/CMakeCXXCompilerABI.cpp.o  -o cmTC_34bca ]
  ignore line: [Using built-in specs.]
  ignore line: [COLLECT_GCC=/usr/bin/c++]
  ignore line: [COLLECT_LTO_WRAPPER=/usr/libexec/gcc/x86_64-redhat-linux/8/lto-wrapper]
  ignore line: [OFFLOAD_TARGET_NAMES=nvptx-none]
  ignore line: [OFFLOAD_TARGET_DEFAULT=1]
  ignore line: [Target: x86_64-redhat-linux]
  ignore line: [Configured with: ../configure --enable-bootstrap --enable-languages=c,c++,fortran,lto --prefix=/usr --mandir=/usr/share/man --infodir=/usr/share/info --with-bugurl=http://bugzilla.redhat.com/bugzilla --enable-shared --enable-threads=posix --enable-checking=release --enable-multilib --with-system-zlib --enable-__cxa_atexit --disable-libunwind-exceptions --enable-gnu-unique-object --enable-linker-build-id --with-gcc-major-version-only --with-linker-hash-style=gnu --enable-plugin --enable-initfini-array --with-isl --disable-libmpx --enable-offload-targets=nvptx-none --without-cuda-driver --enable-gnu-indirect-function --enable-cet --with-tune=generic --with-arch_32=x86-64 --build=x86_64-redhat-linux]
  ignore line: [Thread model: posix]
  ignore line: [gcc version 8.3.1 20191121 (Red Hat 8.3.1-5) (GCC) ]
  ignore line: [COMPILER_PATH=/usr/libexec/gcc/x86_64-redhat-linux/8/:/usr/libexec/gcc/x86_64-redhat-linux/8/:/usr/libexec/gcc/x86_64-redhat-linux/:/usr/lib/gcc/x86_64-redhat-linux/8/:/usr/lib/gcc/x86_64-redhat-linux/]
  ignore line: [LIBRARY_PATH=/usr/lib/gcc/x86_64-redhat-linux/8/:/usr/lib/gcc/x86_64-redhat-linux/8/../../../../lib64/:/lib/../lib64/:/usr/lib/../lib64/:/usr/lib/gcc/x86_64-redhat-linux/8/../../../:/lib/:/usr/lib/]
  ignore line: [COLLECT_GCC_OPTIONS='-v' '-o' 'cmTC_34bca' '-shared-libgcc' '-mtune=generic' '-march=x86-64']
  link line: [ /usr/libexec/gcc/x86_64-redhat-linux/8/collect2 -plugin /usr/libexec/gcc/x86_64-redhat-linux/8/liblto_plugin.so -plugin-opt=/usr/libexec/gcc/x86_64-redhat-linux/8/lto-wrapper -plugin-opt=-fresolution=/tmp/ccGVopDe.res -plugin-opt=-pass-through=-lgcc_s -plugin-opt=-pass-through=-lgcc -plugin-opt=-pass-through=-lc -plugin-opt=-pass-through=-lgcc_s -plugin-opt=-pass-through=-lgcc --build-id --no-add-needed --eh-frame-hdr --hash-style=gnu -m elf_x86_64 -dynamic-linker /lib64/ld-linux-x86-64.so.2 -o cmTC_34bca /usr/lib/gcc/x86_64-redhat-linux/8/../../../../lib64/crt1.o /usr/lib/gcc/x86_64-redhat-linux/8/../../../../lib64/crti.o /usr/lib/gcc/x86_64-redhat-linux/8/crtbegin.o -L/usr/lib/gcc/x86_64-redhat-linux/8 -L/usr/lib/gcc/x86_64-redhat-linux/8/../../../../lib64 -L/lib/../lib64 -L/usr/lib/../lib64 -L/usr/lib/gcc/x86_64-redhat-linux/8/../../.. CMakeFiles/cmTC_34bca.dir/CMakeCXXCompilerABI.cpp.o -lstdc++ -lm -lgcc_s -lgcc -lc -lgcc_s -lgcc /usr/lib/gcc/x86_64-redhat-linux/8/crtend.o /usr/lib/gcc/x86_64-redhat-linux/8/../../../../lib64/crtn.o]
    arg [/usr/libexec/gcc/x86_64-redhat-linux/8/collect2] ==> ignore
    arg [-plugin] ==> ignore
    arg [/usr/libexec/gcc/x86_64-redhat-linux/8/liblto_plugin.so] ==> ignore
    arg [-plugin-opt=/usr/libexec/gcc/x86_64-redhat-linux/8/lto-wrapper] ==> ignore
    arg [-plugin-opt=-fresolution=/tmp/ccGVopDe.res] ==> ignore
    arg [-plugin-opt=-pass-through=-lgcc_s] ==> ignore
    arg [-plugin-opt=-pass-through=-lgcc] ==> ignore
    arg [-plugin-opt=-pass-through=-lc] ==> ignore
    arg [-plugin-opt=-pass-through=-lgcc_s] ==> ignore
    arg [-plugin-opt=-pass-through=-lgcc] ==> ignore
    arg [--build-id] ==> ignore
    arg [--no-add-needed] ==> ignore
    arg [--eh-frame-hdr] ==> ignore
    arg [--hash-style=gnu] ==> ignore
    arg [-m] ==> ignore
    arg [elf_x86_64] ==> ignore
    arg [-dynamic-linker] ==> ignore
    arg [/lib64/ld-linux-x86-64.so.2] ==> ignore
    arg [-o] ==> ignore
    arg [cmTC_34bca] ==> ignore
    arg [/usr/lib/gcc/x86_64-redhat-linux/8/../../../../lib64/crt1.o] ==> ignore
    arg [/usr/lib/gcc/x86_64-redhat-linux/8/../../../../lib64/crti.o] ==> ignore
    arg [/usr/lib/gcc/x86_64-redhat-linux/8/crtbegin.o] ==> ignore
    arg [-L/usr/lib/gcc/x86_64-redhat-linux/8] ==> dir [/usr/lib/gcc/x86_64-redhat-linux/8]
    arg [-L/usr/lib/gcc/x86_64-redhat-linux/8/../../../../lib64] ==> dir [/usr/lib/gcc/x86_64-redhat-linux/8/../../../../lib64]
    arg [-L/lib/../lib64] ==> dir [/lib/../lib64]
    arg [-L/usr/lib/../lib64] ==> dir [/usr/lib/../lib64]
    arg [-L/usr/lib/gcc/x86_64-redhat-linux/8/../../..] ==> dir [/usr/lib/gcc/x86_64-redhat-linux/8/../../..]
    arg [CMakeFiles/cmTC_34bca.dir/CMakeCXXCompilerABI.cpp.o] ==> ignore
    arg [-lstdc++] ==> lib [stdc++]
    arg [-lm] ==> lib [m]
    arg [-lgcc_s] ==> lib [gcc_s]
    arg [-lgcc] ==> lib [gcc]
    arg [-lc] ==> lib [c]
    arg [-lgcc_s] ==> lib [gcc_s]
    arg [-lgcc] ==> lib [gcc]
    arg [/usr/lib/gcc/x86_64-redhat-linux/8/crtend.o] ==> ignore
    arg [/usr/lib/gcc/x86_64-redhat-linux/8/../../../../lib64/crtn.o] ==> ignore
  collapse library dir [/usr/lib/gcc/x86_64-redhat-linux/8] ==> [/usr/lib/gcc/x86_64-redhat-linux/8]
  collapse library dir [/usr/lib/gcc/x86_64-redhat-linux/8/../../../../lib64] ==> [/usr/lib64]
  collapse library dir [/lib/../lib64] ==> [/lib64]
  collapse library dir [/usr/lib/../lib64] ==> [/usr/lib64]
  collapse library dir [/usr/lib/gcc/x86_64-redhat-linux/8/../../..] ==> [/usr/lib]
  implicit libs: [stdc++;m;gcc_s;gcc;c;gcc_s;gcc]
  implicit dirs: [/usr/lib/gcc/x86_64-redhat-linux/8;/usr/lib64;/lib64;/usr/lib]
  implicit fwks: []




Detecting CXX [-std=c++1z] compiler features compiled with the following output:
Change Dir: /wksp/int/KGLRefactor/karma/nbbuild/CMakeFiles/CMakeTmp

Run Build Command:"/usr/bin/gmake" "cmTC_4cd0a/fast"
/usr/bin/gmake -f CMakeFiles/cmTC_4cd0a.dir/build.make CMakeFiles/cmTC_4cd0a.dir/build
gmake[1]: Entering directory '/wksp/int/KGLRefactor/karma/nbbuild/CMakeFiles/CMakeTmp'
Building CXX object CMakeFiles/cmTC_4cd0a.dir/feature_tests.cxx.o
/usr/bin/c++    -std=c++1z -o CMakeFiles/cmTC_4cd0a.dir/feature_tests.cxx.o -c /wksp/int/KGLRefactor/karma/nbbuild/CMakeFiles/feature_tests.cxx
Linking CXX executable cmTC_4cd0a
/usr/bin/cmake -E cmake_link_script CMakeFiles/cmTC_4cd0a.dir/link.txt --verbose=1
/usr/bin/c++       CMakeFiles/cmTC_4cd0a.dir/feature_tests.cxx.o  -o cmTC_4cd0a 
gmake[1]: Leaving directory '/wksp/int/KGLRefactor/karma/nbbuild/CMakeFiles/CMakeTmp'


    Feature record: CXX_FEATURE:1cxx_aggregate_default_initializers
    Feature record: CXX_FEATURE:1cxx_alias_templates
    Feature record: CXX_FEATURE:1cxx_alignas
    Feature record: CXX_FEATURE:1cxx_alignof
    Feature record: CXX_FEATURE:1cxx_attributes
    Feature record: CXX_FEATURE:1cxx_attribute_deprecated
    Feature record: CXX_FEATURE:1cxx_auto_type
    Feature record: CXX_FEATURE:1cxx_binary_literals
    Feature record: CXX_FEATURE:1cxx_constexpr
    Feature record: CXX_FEATURE:1cxx_contextual_conversions
    Feature record: CXX_FEATURE:1cxx_decltype
    Feature record: CXX_FEATURE:1cxx_decltype_auto
    Feature record: CXX_FEATURE:1cxx_decltype_incomplete_return_types
    Feature record: CXX_FEATURE:1cxx_default_function_template_args
    Feature record: CXX_FEATURE:1cxx_defaulted_functions
    Feature record: CXX_FEATURE:1cxx_defaulted_move_initializers
    Feature record: CXX_FEATURE:1cxx_delegating_constructors
    Feature record: CXX_FEATURE:1cxx_deleted_functions
    Feature record: CXX_FEATURE:1cxx_digit_separators
    Feature record: CXX_FEATURE:1cxx_enum_forward_declarations
    Feature record: CXX_FEATURE:1cxx_explicit_conversions
    Feature record: CXX_FEATURE:1cxx_extended_friend_declarations
    Feature record: CXX_FEATURE:1cxx_extern_templates
    Feature record: CXX_FEATURE:1cxx_final
    Feature record: CXX_FEATURE:1cxx_func_identifier
    Feature record: CXX_FEATURE:1cxx_generalized_initializers
    Feature record: CXX_FEATURE:1cxx_generic_lambdas
    Feature record: CXX_FEATURE:1cxx_inheriting_constructors
    Feature record: CXX_FEATURE:1cxx_inline_namespaces
    Feature record: CXX_FEATURE:1cxx_lambdas
    Feature record: CXX_FEATURE:1cxx_lambda_init_captures
    Feature record: CXX_FEATURE:1cxx_local_type_template_args
    Feature record: CXX_FEATURE:1cxx_long_long_type
    Feature record: CXX_FEATURE:1cxx_noexcept
    Feature record: CXX_FEATURE:1cxx_nonstatic_member_init
    Feature record: CXX_FEATURE:1cxx_nullptr
    Feature record: CXX_FEATURE:1cxx_override
    Feature record: CXX_FEATURE:1cxx_range_for
    Feature record: CXX_FEATURE:1cxx_raw_string_literals
    Feature record: CXX_FEATURE:1cxx_reference_qualified_functions
    Feature record: CXX_FEATURE:1cxx_relaxed_constexpr
    Feature record: CXX_FEATURE:1cxx_return_type_deduction
    Feature record: CXX_FEATURE:1cxx_right_angle_brackets
    Feature record: CXX_FEATURE:1cxx_rvalue_references
    Feature record: CXX_FEATURE:1cxx_sizeof_member
    Feature record: CXX_FEATURE:1cxx_static_assert
    Feature record: CXX_FEATURE:1cxx_strong_enums
    Feature record: CXX_FEATURE:1cxx_template_template_parameters
    Feature record: CXX_FEATURE:1cxx_thread_local
    Feature record: CXX_FEATURE:1cxx_trailing_return_types
    Feature record: CXX_FEATURE:1cxx_unicode_literals
    Feature record: CXX_FEATURE:1cxx_uniform_initialization
    Feature record: CXX_FEATURE:1cxx_unrestricted_unions
    Feature record: CXX_FEATURE:1cxx_user_literals
    Feature record: CXX_FEATURE:1cxx_variable_templates
    Feature record: CXX_FEATURE:1cxx_variadic_macros
    Feature record: CXX_FEATURE:1cxx_variadic_templates


Detecting CXX [-std=c++14] compiler features compiled with the following output:
Change Dir: /wksp/int/KGLRefactor/karma/nbbuild/CMakeFiles/CMakeTmp

Run Build Command:"/usr/bin/gmake" "cmTC_19d88/fast"
/usr/bin/gmake -f CMakeFiles/cmTC_19d88.dir/build.make CMakeFiles/cmTC_19d88.dir/build
gmake[1]: Entering directory '/wksp/int/KGLRefactor/karma/nbbuild/CMakeFiles/CMakeTmp'
Building CXX object CMakeFiles/cmTC_19d88.dir/feature_tests.cxx.o
/usr/bin/c++    -std=c++14 -o CMakeFiles/cmTC_19d88.dir/feature_tests.cxx.o -c /wksp/int/KGLRefactor/karma/nbbuild/CMakeFiles/feature_tests.cxx
Linking CXX executable cmTC_19d88
/usr/bin/cmake -E cmake_link_script CMakeFiles/cmTC_19d88.dir/link.txt --verbose=1
/usr/bin/c++       CMakeFiles/cmTC_19d88.dir/feature_tests.cxx.o  -o cmTC_19d88 
gmake[1]: Leaving directory '/wksp/int/KGLRefactor/karma/nbbuild/CMakeFiles/CMakeTmp'


    Feature record: CXX_FEATURE:1cxx_aggregate_default_initializers
    Feature record: CXX_FEATURE:1cxx_alias_templates
    Feature record: CXX_FEATURE:1cxx_alignas
    Feature record: CXX_FEATURE:1cxx_alignof
    Feature record: CXX_FEATURE:1cxx_attributes
    Feature record: CXX_FEATURE:1cxx_attribute_deprecated
    Feature record: CXX_FEATURE:1cxx_auto_type
    Feature record: CXX_FEATURE:1cxx_binary_literals
    Feature record: CXX_FEATURE:1cxx_constexpr
    Feature record: CXX_FEATURE:1cxx_contextual_conversions
    Feature record: CXX_FEATURE:1cxx_decltype
    Feature record: CXX_FEATURE:1cxx_decltype_auto
    Feature record: CXX_FEATURE:1cxx_decltype_incomplete_return_types
    Feature record: CXX_FEATURE:1cxx_default_function_template_args
    Feature record: CXX_FEATURE:1cxx_defaulted_functions
    Feature record: CXX_FEATURE:1cxx_defaulted_move_initializers
    Feature record: CXX_FEATURE:1cxx_delegating_constructors
    Feature record: CXX_FEATURE:1cxx_deleted_functions
    Feature record: CXX_FEATURE:1cxx_digit_separators
    Feature record: CXX_FEATURE:1cxx_enum_forward_declarations
    Feature record: CXX_FEATURE:1cxx_explicit_conversions
    Feature record: CXX_FEATURE:1cxx_extended_friend_declarations
    Feature record: CXX_FEATURE:1cxx_extern_templates
    Feature record: CXX_FEATURE:1cxx_final
    Feature record: CXX_FEATURE:1cxx_func_identifier
    Feature record: CXX_FEATURE:1cxx_generalized_initializers
    Feature record: CXX_FEATURE:1cxx_generic_lambdas
    Feature record: CXX_FEATURE:1cxx_inheriting_constructors
    Feature record: CXX_FEATURE:1cxx_inline_namespaces
    Feature record: CXX_FEATURE:1cxx_lambdas
    Feature record: CXX_FEATURE:1cxx_lambda_init_captures
    Feature record: CXX_FEATURE:1cxx_local_type_template_args
    Feature record: CXX_FEATURE:1cxx_long_long_type
    Feature record: CXX_FEATURE:1cxx_noexcept
    Feature record: CXX_FEATURE:1cxx_nonstatic_member_init
    Feature record: CXX_FEATURE:1cxx_nullptr
    Feature record: CXX_FEATURE:1cxx_override
    Feature record: CXX_FEATURE:1cxx_range_for
    Feature record: CXX_FEATURE:1cxx_raw_string_literals
    Feature record: CXX_FEATURE:1cxx_reference_qualified_functions
    Feature record: CXX_FEATURE:1cxx_relaxed_constexpr
    Feature record: CXX_FEATURE:1cxx_return_type_deduction
    Feature record: CXX_FEATURE:1cxx_right_angle_brackets
    Feature record: CXX_FEATURE:1cxx_rvalue_references
    Feature record: CXX_FEATURE:1cxx_sizeof_member
    Feature record: CXX_FEATURE:1cxx_static_assert
    Feature record: CXX_FEATURE:1cxx_strong_enums
    Feature record: CXX_FEATURE:1cxx_template_template_parameters
    Feature record: CXX_FEATURE:1cxx_thread_local
    Feature record: CXX_FEATURE:1cxx_trailing_return_types
    Feature record: CXX_FEATURE:1cxx_unicode_literals
    Feature record: CXX_FEATURE:1cxx_uniform_initialization
    Feature record: CXX_FEATURE:1cxx_unrestricted_unions
    Feature record: CXX_FEATURE:1cxx_user_literals
    Feature record: CXX_FEATURE:1cxx_variable_templates
    Feature record: CXX_FEATURE:1cxx_variadic_macros
    Feature record: CXX_FEATURE:1cxx_variadic_templates


Detecting CXX [-std=c++11] compiler features compiled with the following output:
Change Dir: /wksp/int/KGLRefactor/karma/nbbuild/CMakeFiles/CMakeTmp

Run Build Command:"/usr/bin/gmake" "cmTC_9a116/fast"
/usr/bin/gmake -f CMakeFiles/cmTC_9a116.dir/build.make CMakeFiles/cmTC_9a116.dir/build
gmake[1]: Entering directory '/wksp/int/KGLRefactor/karma/nbbuild/CMakeFiles/CMakeTmp'
Building CXX object CMakeFiles/cmTC_9a116.dir/feature_tests.cxx.o
/usr/bin/c++    -std=c++11 -o CMakeFiles/cmTC_9a116.dir/feature_tests.cxx.o -c /wksp/int/KGLRefactor/karma/nbbuild/CMakeFiles/feature_tests.cxx
Linking CXX executable cmTC_9a116
/usr/bin/cmake -E cmake_link_script CMakeFiles/cmTC_9a116.dir/link.txt --verbose=1
/usr/bin/c++       CMakeFiles/cmTC_9a116.dir/feature_tests.cxx.o  -o cmTC_9a116 
gmake[1]: Leaving directory '/wksp/int/KGLRefactor/karma/nbbuild/CMakeFiles/CMakeTmp'


    Feature record: CXX_FEATURE:0cxx_aggregate_default_initializers
    Feature record: CXX_FEATURE:1cxx_alias_templates
    Feature record: CXX_FEATURE:1cxx_alignas
    Feature record: CXX_FEATURE:1cxx_alignof
    Feature record: CXX_FEATURE:1cxx_attributes
    Feature record: CXX_FEATURE:0cxx_attribute_deprecated
    Feature record: CXX_FEATURE:1cxx_auto_type
    Feature record: CXX_FEATURE:0cxx_binary_literals
    Feature record: CXX_FEATURE:1cxx_constexpr
    Feature record: CXX_FEATURE:0cxx_contextual_conversions
    Feature record: CXX_FEATURE:1cxx_decltype
    Feature record: CXX_FEATURE:0cxx_decltype_auto
    Feature record: CXX_FEATURE:1cxx_decltype_incomplete_return_types
    Feature record: CXX_FEATURE:1cxx_default_function_template_args
    Feature record: CXX_FEATURE:1cxx_defaulted_functions
    Feature record: CXX_FEATURE:1cxx_defaulted_move_initializers
    Feature record: CXX_FEATURE:1cxx_delegating_constructors
    Feature record: CXX_FEATURE:1cxx_deleted_functions
    Feature record: CXX_FEATURE:0cxx_digit_separators
    Feature record: CXX_FEATURE:1cxx_enum_forward_declarations
    Feature record: CXX_FEATURE:1cxx_explicit_conversions
    Feature record: CXX_FEATURE:1cxx_extended_friend_declarations
    Feature record: CXX_FEATURE:1cxx_extern_templates
    Feature record: CXX_FEATURE:1cxx_final
    Feature record: CXX_FEATURE:1cxx_func_identifier
    Feature record: CXX_FEATURE:1cxx_generalized_initializers
    Feature record: CXX_FEATURE:0cxx_generic_lambdas
    Feature record: CXX_FEATURE:1cxx_inheriting_constructors
    Feature record: CXX_FEATURE:1cxx_inline_namespaces
    Feature record: CXX_FEATURE:1cxx_lambdas
    Feature record: CXX_FEATURE:0cxx_lambda_init_captures
    Feature record: CXX_FEATURE:1cxx_local_type_template_args
    Feature record: CXX_FEATURE:1cxx_long_long_type
    Feature record: CXX_FEATURE:1cxx_noexcept
    Feature record: CXX_FEATURE:1cxx_nonstatic_member_init
    Feature record: CXX_FEATURE:1cxx_nullptr
    Feature record: CXX_FEATURE:1cxx_override
    Feature record: CXX_FEATURE:1cxx_range_for
    Feature record: CXX_FEATURE:1cxx_raw_string_literals
    Feature record: CXX_FEATURE:1cxx_reference_qualified_functions
    Feature record: CXX_FEATURE:0cxx_relaxed_constexpr
    Feature record: CXX_FEATURE:0cxx_return_type_deduction
    Feature record: CXX_FEATURE:1cxx_right_angle_brackets
    Feature record: CXX_FEATURE:1cxx_rvalue_references
    Feature record: CXX_FEATURE:1cxx_sizeof_member
    Feature record: CXX_FEATURE:1cxx_static_assert
    Feature record: CXX_FEATURE:1cxx_strong_enums
    Feature record: CXX_FEATURE:1cxx_template_template_parameters
    Feature record: CXX_FEATURE:1cxx_thread_local
    Feature record: CXX_FEATURE:1cxx_trailing_return_types
    Feature record: CXX_FEATURE:1cxx_unicode_literals
    Feature record: CXX_FEATURE:1cxx_uniform_initialization
    Feature record: CXX_FEATURE:1cxx_unrestricted_unions
    Feature record: CXX_FEATURE:1cxx_user_literals
    Feature record: CXX_FEATURE:0cxx_variable_templates
    Feature record: CXX_FEATURE:1cxx_variadic_macros
    Feature record: CXX_FEATURE:1cxx_variadic_templates


Detecting CXX [-std=c++98] compiler features compiled with the following output:
Change Dir: /wksp/int/KGLRefactor/karma/nbbuild/CMakeFiles/CMakeTmp

Run Build Command:"/usr/bin/gmake" "cmTC_fde1e/fast"
/usr/bin/gmake -f CMakeFiles/cmTC_fde1e.dir/build.make CMakeFiles/cmTC_fde1e.dir/build
gmake[1]: Entering directory '/wksp/int/KGLRefactor/karma/nbbuild/CMakeFiles/CMakeTmp'
Building CXX object CMakeFiles/cmTC_fde1e.dir/feature_tests.cxx.o
/usr/bin/c++    -std=c++98 -o CMakeFiles/cmTC_fde1e.dir/feature_tests.cxx.o -c /wksp/int/KGLRefactor/karma/nbbuild/CMakeFiles/feature_tests.cxx
Linking CXX executable cmTC_fde1e
/usr/bin/cmake -E cmake_link_script CMakeFiles/cmTC_fde1e.dir/link.txt --verbose=1
/usr/bin/c++       CMakeFiles/cmTC_fde1e.dir/feature_tests.cxx.o  -o cmTC_fde1e 
gmake[1]: Leaving directory '/wksp/int/KGLRefactor/karma/nbbuild/CMakeFiles/CMakeTmp'


    Feature record: CXX_FEATURE:0cxx_aggregate_default_initializers
    Feature record: CXX_FEATURE:0cxx_alias_templates
    Feature record: CXX_FEATURE:0cxx_alignas
    Feature record: CXX_FEATURE:0cxx_alignof
    Feature record: CXX_FEATURE:0cxx_attributes
    Feature record: CXX_FEATURE:0cxx_attribute_deprecated
    Feature record: CXX_FEATURE:0cxx_auto_type
    Feature record: CXX_FEATURE:0cxx_binary_literals
    Feature record: CXX_FEATURE:0cxx_constexpr
    Feature record: CXX_FEATURE:0cxx_contextual_conversions
    Feature record: CXX_FEATURE:0cxx_decltype
    Feature record: CXX_FEATURE:0cxx_decltype_auto
    Feature record: CXX_FEATURE:0cxx_decltype_incomplete_return_types
    Feature record: CXX_FEATURE:0cxx_default_function_template_args
    Feature record: CXX_FEATURE:0cxx_defaulted_functions
    Feature record: CXX_FEATURE:0cxx_defaulted_move_initializers
    Feature record: CXX_FEATURE:0cxx_delegating_constructors
    Feature record: CXX_FEATURE:0cxx_deleted_functions
    Feature record: CXX_FEATURE:0cxx_digit_separators
    Feature record: CXX_FEATURE:0cxx_enum_forward_declarations
    Feature record: CXX_FEATURE:0cxx_explicit_conversions
    Feature record: CXX_FEATURE:0cxx_extended_friend_declarations
    Feature record: CXX_FEATURE:0cxx_extern_templates
    Feature record: CXX_FEATURE:0cxx_final
    Feature record: CXX_FEATURE:0cxx_func_identifier
    Feature record: CXX_FEATURE:0cxx_generalized_initializers
    Feature record: CXX_FEATURE:0cxx_generic_lambdas
    Feature record: CXX_FEATURE:0cxx_inheriting_constructors
    Feature record: CXX_FEATURE:0cxx_inline_namespaces
    Feature record: CXX_FEATURE:0cxx_lambdas
    Feature record: CXX_FEATURE:0cxx_lambda_init_captures
    Feature record: CXX_FEATURE:0cxx_local_type_template_args
    Feature record: CXX_FEATURE:0cxx_long_long_type
    Feature record: CXX_FEATURE:0cxx_noexcept
    Feature record: CXX_FEATURE:0cxx_nonstatic_member_init
    Feature record: CXX_FEATURE:0cxx_nullptr
    Feature record: CXX_FEATURE:0cxx_override
    Feature record: CXX_FEATURE:0cxx_range_for
    Feature record: CXX_FEATURE:0cxx_raw_string_literals
    Feature record: CXX_FEATURE:0cxx_reference_qualified_functions
    Feature record: CXX_FEATURE:0cxx_relaxed_constexpr
    Feature record: CXX_FEATURE:0cxx_return_type_deduction
    Feature record: CXX_FEATURE:0cxx_right_angle_brackets
    Feature record: CXX_FEATURE:0cxx_rvalue_references
    Feature record: CXX_FEATURE:0cxx_sizeof_member
    Feature record: CXX_FEATURE:0cxx_static_assert
    Feature record: CXX_FEATURE:0cxx_strong_enums
    Feature record: CXX_FEATURE:1cxx_template_template_parameters
    Feature record: CXX_FEATURE:0cxx_thread_local
    Feature record: CXX_FEATURE:0cxx_trailing_return_types
    Feature record: CXX_FEATURE:0cxx_unicode_literals
    Feature record: CXX_FEATURE:0cxx_uniform_initialization
    Feature record: CXX_FEATURE:0cxx_unrestricted_unions
    Feature record: CXX_FEATURE:0cxx_user_literals
    Feature record: CXX_FEATURE:0cxx_variable_templates
    Feature record: CXX_FEATURE:0cxx_variadic_macros
    Feature record: CXX_FEATURE:0cxx_variadic_templates
Compiling the C compiler identification source file "CMakeCCompilerId.c" succeeded.
Compiler: /usr/bin/cc 
Build flags: -g;-std=c++17;-lstdc++fs;-fPIC;
Id flags:  

The output was:
0
cc1: warning: command line option ‘-std=c++17’ is valid for C++/ObjC++ but not for C


Compilation of the C compiler identification source "CMakeCCompilerId.c" produced "a.out"

The C compiler identification is GNU, found in "/wksp/int/KGLRefactor/karma/nbbuild/CMakeFiles/3.11.4/CompilerIdC/a.out"

Determining if the C compiler works passed with the following output:
Change Dir: /wksp/int/KGLRefactor/karma/nbbuild/CMakeFiles/CMakeTmp

Run Build Command:"/usr/bin/gmake" "cmTC_d194b/fast"
/usr/bin/gmake -f CMakeFiles/cmTC_d194b.dir/build.make CMakeFiles/cmTC_d194b.dir/build
gmake[1]: Entering directory '/wksp/int/KGLRefactor/karma/nbbuild/CMakeFiles/CMakeTmp'
Building C object CMakeFiles/cmTC_d194b.dir/testCCompiler.c.o
/usr/bin/cc   -g -std=c++17 -lstdc++fs -fPIC     -o CMakeFiles/cmTC_d194b.dir/testCCompiler.c.o   -c /wksp/int/KGLRefactor/karma/nbbuild/CMakeFiles/CMakeTmp/testCCompiler.c
cc1: warning: command line option ‘-std=c++17’ is valid for C++/ObjC++ but not for C
Linking C executable cmTC_d194b
/usr/bin/cmake -E cmake_link_script CMakeFiles/cmTC_d194b.dir/link.txt --verbose=1
/usr/bin/cc -g -std=c++17 -lstdc++fs -fPIC      -rdynamic CMakeFiles/cmTC_d194b.dir/testCCompiler.c.o  -o cmTC_d194b 
gmake[1]: Leaving directory '/wksp/int/KGLRefactor/karma/nbbuild/CMakeFiles/CMakeTmp'


Detecting C compiler ABI info compiled with the following output:
Change Dir: /wksp/int/KGLRefactor/karma/nbbuild/CMakeFiles/CMakeTmp

Run Build Command:"/usr/bin/gmake" "cmTC_05e75/fast"
/usr/bin/gmake -f CMakeFiles/cmTC_05e75.dir/build.make CMakeFiles/cmTC_05e75.dir/build
gmake[1]: Entering directory '/wksp/int/KGLRefactor/karma/nbbuild/CMakeFiles/CMakeTmp'
Building C object CMakeFiles/cmTC_05e75.dir/CMakeCCompilerABI.c.o
/usr/bin/cc   -g -std=c++17 -lstdc++fs -fPIC     -o CMakeFiles/cmTC_05e75.dir/CMakeCCompilerABI.c.o   -c /usr/share/cmake/Modules/CMakeCCompilerABI.c
cc1: warning: command line option ‘-std=c++17’ is valid for C++/ObjC++ but not for C
Linking C executable cmTC_05e75
/usr/bin/cmake -E cmake_link_script CMakeFiles/cmTC_05e75.dir/link.txt --verbose=1
/usr/bin/cc -g -std=c++17 -lstdc++fs -fPIC     -v -rdynamic CMakeFiles/cmTC_05e75.dir/CMakeCCompilerABI.c.o  -o cmTC_05e75 
Using built-in specs.
COLLECT_GCC=/usr/bin/cc
COLLECT_LTO_WRAPPER=/usr/libexec/gcc/x86_64-redhat-linux/8/lto-wrapper
OFFLOAD_TARGET_NAMES=nvptx-none
OFFLOAD_TARGET_DEFAULT=1
Target: x86_64-redhat-linux
Configured with: ../configure --enable-bootstrap --enable-languages=c,c++,fortran,lto --prefix=/usr --mandir=/usr/share/man --infodir=/usr/share/info --with-bugurl=http://bugzilla.redhat.com/bugzilla --enable-shared --enable-threads=posix --enable-checking=release --enable-multilib --with-system-zlib --enable-__cxa_atexit --disable-libunwind-exceptions --enable-gnu-unique-object --enable-linker-build-id --with-gcc-major-version-only --with-linker-hash-style=gnu --enable-plugin --enable-initfini-array --with-isl --disable-libmpx --enable-offload-targets=nvptx-none --without-cuda-driver --enable-gnu-indirect-function --enable-cet --with-tune=generic --with-arch_32=x86-64 --build=x86_64-redhat-linux
Thread model: posix
gcc version 8.3.1 20191121 (Red Hat 8.3.1-5) (GCC) 
COMPILER_PATH=/usr/libexec/gcc/x86_64-redhat-linux/8/:/usr/libexec/gcc/x86_64-redhat-linux/8/:/usr/libexec/gcc/x86_64-redhat-linux/:/usr/lib/gcc/x86_64-redhat-linux/8/:/usr/lib/gcc/x86_64-redhat-linux/
LIBRARY_PATH=/usr/lib/gcc/x86_64-redhat-linux/8/:/usr/lib/gcc/x86_64-redhat-linux/8/../../../../lib64/:/lib/../lib64/:/usr/lib/../lib64/:/usr/lib/gcc/x86_64-redhat-linux/8/../../../:/lib/:/usr/lib/
COLLECT_GCC_OPTIONS='-g' '-std=c++17' '-fPIC' '-v' '-rdynamic' '-o' 'cmTC_05e75' '-mtune=generic' '-march=x86-64'
 /usr/libexec/gcc/x86_64-redhat-linux/8/collect2 -plugin /usr/libexec/gcc/x86_64-redhat-linux/8/liblto_plugin.so -plugin-opt=/usr/libexec/gcc/x86_64-redhat-linux/8/lto-wrapper -plugin-opt=-fresolution=/tmp/ccc65wyT.res -plugin-opt=-pass-through=-lgcc -plugin-opt=-pass-through=-lgcc_s -plugin-opt=-pass-through=-lc -plugin-opt=-pass-through=-lgcc -plugin-opt=-pass-through=-lgcc_s --build-id --no-add-needed --eh-frame-hdr --hash-style=gnu -m elf_x86_64 -export-dynamic -dynamic-linker /lib64/ld-linux-x86-64.so.2 -o cmTC_05e75 /usr/lib/gcc/x86_64-redhat-linux/8/../../../../lib64/crt1.o /usr/lib/gcc/x86_64-redhat-linux/8/../../../../lib64/crti.o /usr/lib/gcc/x86_64-redhat-linux/8/crtbegin.o -L/usr/lib/gcc/x86_64-redhat-linux/8 -L/usr/lib/gcc/x86_64-redhat-linux/8/../../../../lib64 -L/lib/../lib64 -L/usr/lib/../lib64 -L/usr/lib/gcc/x86_64-redhat-linux/8/../../.. -lstdc++fs CMakeFiles/cmTC_05e75.dir/CMakeCCompilerABI.c.o -lgcc --as-needed -lgcc_s --no-as-needed -lc -lgcc --as-needed -lgcc_s --no-as-needed /usr/lib/gcc/x86_64-redhat-linux/8/crtend.o /usr/lib/gcc/x86_64-redhat-linux/8/../../../../lib64/crtn.o
COLLECT_GCC_OPTIONS='-g' '-std=c++17' '-fPIC' '-v' '-rdynamic' '-o' 'cmTC_05e75' '-mtune=generic' '-march=x86-64'
gmake[1]: Leaving directory '/wksp/int/KGLRefactor/karma/nbbuild/CMakeFiles/CMakeTmp'


Parsed C implicit link information from above output:
  link line regex: [^( *|.*[/\])(ld|CMAKE_LINK_STARTFILE-NOTFOUND|([^/\]+-)?ld|collect2)[^/\]*( |$)]
  ignore line: [Change Dir: /wksp/int/KGLRefactor/karma/nbbuild/CMakeFiles/CMakeTmp]
  ignore line: []
  ignore line: [Run Build Command:"/usr/bin/gmake" "cmTC_05e75/fast"]
  ignore line: [/usr/bin/gmake -f CMakeFiles/cmTC_05e75.dir/build.make CMakeFiles/cmTC_05e75.dir/build]
  ignore line: [gmake[1]: Entering directory '/wksp/int/KGLRefactor/karma/nbbuild/CMakeFiles/CMakeTmp']
  ignore line: [Building C object CMakeFiles/cmTC_05e75.dir/CMakeCCompilerABI.c.o]
  ignore line: [/usr/bin/cc   -g -std=c++17 -lstdc++fs -fPIC     -o CMakeFiles/cmTC_05e75.dir/CMakeCCompilerABI.c.o   -c /usr/share/cmake/Modules/CMakeCCompilerABI.c]
  ignore line: [cc1: warning: command line option ‘-std=c++17’ is valid for C++/ObjC++ but not for C]
  ignore line: [Linking C executable cmTC_05e75]
  ignore line: [/usr/bin/cmake -E cmake_link_script CMakeFiles/cmTC_05e75.dir/link.txt --verbose=1]
  ignore line: [/usr/bin/cc -g -std=c++17 -lstdc++fs -fPIC     -v -rdynamic CMakeFiles/cmTC_05e75.dir/CMakeCCompilerABI.c.o  -o cmTC_05e75 ]
  ignore line: [Using built-in specs.]
  ignore line: [COLLECT_GCC=/usr/bin/cc]
  ignore line: [COLLECT_LTO_WRAPPER=/usr/libexec/gcc/x86_64-redhat-linux/8/lto-wrapper]
  ignore line: [OFFLOAD_TARGET_NAMES=nvptx-none]
  ignore line: [OFFLOAD_TARGET_DEFAULT=1]
  ignore line: [Target: x86_64-redhat-linux]
  ignore line: [Configured with: ../configure --enable-bootstrap --enable-languages=c,c++,fortran,lto --prefix=/usr --mandir=/usr/share/man --infodir=/usr/share/info --with-bugurl=http://bugzilla.redhat.com/bugzilla --enable-shared --enable-threads=posix --enable-checking=release --enable-multilib --with-system-zlib --enable-__cxa_atexit --disable-libunwind-exceptions --enable-gnu-unique-object --enable-linker-build-id --with-gcc-major-version-only --with-linker-hash-style=gnu --enable-plugin --enable-initfini-array --with-isl --disable-libmpx --enable-offload-targets=nvptx-none --without-cuda-driver --enable-gnu-indirect-function --enable-cet --with-tune=generic --with-arch_32=x86-64 --build=x86_64-redhat-linux]
  ignore line: [Thread model: posix]
  ignore line: [gcc version 8.3.1 20191121 (Red Hat 8.3.1-5) (GCC) ]
  ignore line: [COMPILER_PATH=/usr/libexec/gcc/x86_64-redhat-linux/8/:/usr/libexec/gcc/x86_64-redhat-linux/8/:/usr/libexec/gcc/x86_64-redhat-linux/:/usr/lib/gcc/x86_64-redhat-linux/8/:/usr/lib/gcc/x86_64-redhat-linux/]
  ignore line: [LIBRARY_PATH=/usr/lib/gcc/x86_64-redhat-linux/8/:/usr/lib/gcc/x86_64-redhat-linux/8/../../../../lib64/:/lib/../lib64/:/usr/lib/../lib64/:/usr/lib/gcc/x86_64-redhat-linux/8/../../../:/lib/:/usr/lib/]
  ignore line: [COLLECT_GCC_OPTIONS='-g' '-std=c++17' '-fPIC' '-v' '-rdynamic' '-o' 'cmTC_05e75' '-mtune=generic' '-march=x86-64']
  link line: [ /usr/libexec/gcc/x86_64-redhat-linux/8/collect2 -plugin /usr/libexec/gcc/x86_64-redhat-linux/8/liblto_plugin.so -plugin-opt=/usr/libexec/gcc/x86_64-redhat-linux/8/lto-wrapper -plugin-opt=-fresolution=/tmp/ccc65wyT.res -plugin-opt=-pass-through=-lgcc -plugin-opt=-pass-through=-lgcc_s -plugin-opt=-pass-through=-lc -plugin-opt=-pass-through=-lgcc -plugin-opt=-pass-through=-lgcc_s --build-id --no-add-needed --eh-frame-hdr --hash-style=gnu -m elf_x86_64 -export-dynamic -dynamic-linker /lib64/ld-linux-x86-64.so.2 -o cmTC_05e75 /usr/lib/gcc/x86_64-redhat-linux/8/../../../../lib64/crt1.o /usr/lib/gcc/x86_64-redhat-linux/8/../../../../lib64/crti.o /usr/lib/gcc/x86_64-redhat-linux/8/crtbegin.o -L/usr/lib/gcc/x86_64-redhat-linux/8 -L/usr/lib/gcc/x86_64-redhat-linux/8/../../../../lib64 -L/lib/../lib64 -L/usr/lib/../lib64 -L/usr/lib/gcc/x86_64-redhat-linux/8/../../.. -lstdc++fs CMakeFiles/cmTC_05e75.dir/CMakeCCompilerABI.c.o -lgcc --as-needed -lgcc_s --no-as-needed -lc -lgcc --as-needed -lgcc_s --no-as-needed /usr/lib/gcc/x86_64-redhat-linux/8/crtend.o /usr/lib/gcc/x86_64-redhat-linux/8/../../../../lib64/crtn.o]
    arg [/usr/libexec/gcc/x86_64-redhat-linux/8/collect2] ==> ignore
    arg [-plugin] ==> ignore
    arg [/usr/libexec/gcc/x86_64-redhat-linux/8/liblto_plugin.so] ==> ignore
    arg [-plugin-opt=/usr/libexec/gcc/x86_64-redhat-linux/8/lto-wrapper] ==> ignore
    arg [-plugin-opt=-fresolution=/tmp/ccc65wyT.res] ==> ignore
    arg [-plugin-opt=-pass-through=-lgcc] ==> ignore
    arg [-plugin-opt=-pass-through=-lgcc_s] ==> ignore
    arg [-plugin-opt=-pass-through=-lc] ==> ignore
    arg [-plugin-opt=-pass-through=-lgcc] ==> ignore
    arg [-plugin-opt=-pass-through=-lgcc_s] ==> ignore
    arg [--build-id] ==> ignore
    arg [--no-add-needed] ==> ignore
    arg [--eh-frame-hdr] ==> ignore
    arg [--hash-style=gnu] ==> ignore
    arg [-m] ==> ignore
    arg [elf_x86_64] ==> ignore
    arg [-export-dynamic] ==> ignore
    arg [-dynamic-linker] ==> ignore
    arg [/lib64/ld-linux-x86-64.so.2] ==> ignore
    arg [-o] ==> ignore
    arg [cmTC_05e75] ==> ignore
    arg [/usr/lib/gcc/x86_64-redhat-linux/8/../../../../lib64/crt1.o] ==> ignore
    arg [/usr/lib/gcc/x86_64-redhat-linux/8/../../../../lib64/crti.o] ==> ignore
    arg [/usr/lib/gcc/x86_64-redhat-linux/8/crtbegin.o] ==> ignore
    arg [-L/usr/lib/gcc/x86_64-redhat-linux/8] ==> dir [/usr/lib/gcc/x86_64-redhat-linux/8]
    arg [-L/usr/lib/gcc/x86_64-redhat-linux/8/../../../../lib64] ==> dir [/usr/lib/gcc/x86_64-redhat-linux/8/../../../../lib64]
    arg [-L/lib/../lib64] ==> dir [/lib/../lib64]
    arg [-L/usr/lib/../lib64] ==> dir [/usr/lib/../lib64]
    arg [-L/usr/lib/gcc/x86_64-redhat-linux/8/../../..] ==> dir [/usr/lib/gcc/x86_64-redhat-linux/8/../../..]
    arg [-lstdc++fs] ==> lib [stdc++fs]
    arg [CMakeFiles/cmTC_05e75.dir/CMakeCCompilerABI.c.o] ==> ignore
    arg [-lgcc] ==> lib [gcc]
    arg [--as-needed] ==> ignore
    arg [-lgcc_s] ==> lib [gcc_s]
    arg [--no-as-needed] ==> ignore
    arg [-lc] ==> lib [c]
    arg [-lgcc] ==> lib [gcc]
    arg [--as-needed] ==> ignore
    arg [-lgcc_s] ==> lib [gcc_s]
    arg [--no-as-needed] ==> ignore
    arg [/usr/lib/gcc/x86_64-redhat-linux/8/crtend.o] ==> ignore
    arg [/usr/lib/gcc/x86_64-redhat-linux/8/../../../../lib64/crtn.o] ==> ignore
  collapse library dir [/usr/lib/gcc/x86_64-redhat-linux/8] ==> [/usr/lib/gcc/x86_64-redhat-linux/8]
  collapse library dir [/usr/lib/gcc/x86_64-redhat-linux/8/../../../../lib64] ==> [/usr/lib64]
  collapse library dir [/lib/../lib64] ==> [/lib64]
  collapse library dir [/usr/lib/../lib64] ==> [/usr/lib64]
  collapse library dir [/usr/lib/gcc/x86_64-redhat-linux/8/../../..] ==> [/usr/lib]
  implicit libs: [stdc++fs;gcc;gcc_s;c;gcc;gcc_s]
  implicit dirs: [/usr/lib/gcc/x86_64-redhat-linux/8;/usr/lib64;/lib64;/usr/lib]
  implicit fwks: []




Detecting C [-std=c11] compiler features compiled with the following output:
Change Dir: /wksp/int/KGLRefactor/karma/nbbuild/CMakeFiles/CMakeTmp

Run Build Command:"/usr/bin/gmake" "cmTC_cfdee/fast"
/usr/bin/gmake -f CMakeFiles/cmTC_cfdee.dir/build.make CMakeFiles/cmTC_cfdee.dir/build
gmake[1]: Entering directory '/wksp/int/KGLRefactor/karma/nbbuild/CMakeFiles/CMakeTmp'
Building C object CMakeFiles/cmTC_cfdee.dir/feature_tests.c.o
/usr/bin/cc   -g -std=c++17 -lstdc++fs -fPIC     -std=c11 -o CMakeFiles/cmTC_cfdee.dir/feature_tests.c.o   -c /wksp/int/KGLRefactor/karma/nbbuild/CMakeFiles/feature_tests.c
cc1: warning: command line option ‘-std=c++17’ is valid for C++/ObjC++ but not for C
Linking C executable cmTC_cfdee
/usr/bin/cmake -E cmake_link_script CMakeFiles/cmTC_cfdee.dir/link.txt --verbose=1
/usr/bin/cc -g -std=c++17 -lstdc++fs -fPIC      -rdynamic CMakeFiles/cmTC_cfdee.dir/feature_tests.c.o  -o cmTC_cfdee 
gmake[1]: Leaving directory '/wksp/int/KGLRefactor/karma/nbbuild/CMakeFiles/CMakeTmp'


    Feature record: C_FEATURE:1c_function_prototypes
    Feature record: C_FEATURE:1c_restrict
    Feature record: C_FEATURE:1c_static_assert
    Feature record: C_FEATURE:1c_variadic_macros


Detecting C [-std=c99] compiler features compiled with the following output:
Change Dir: /wksp/int/KGLRefactor/karma/nbbuild/CMakeFiles/CMakeTmp

Run Build Command:"/usr/bin/gmake" "cmTC_9bc53/fast"
/usr/bin/gmake -f CMakeFiles/cmTC_9bc53.dir/build.make CMakeFiles/cmTC_9bc53.dir/build
gmake[1]: Entering directory '/wksp/int/KGLRefactor/karma/nbbuild/CMakeFiles/CMakeTmp'
Building C object CMakeFiles/cmTC_9bc53.dir/feature_tests.c.o
/usr/bin/cc   -g -std=c++17 -lstdc++fs -fPIC     -std=c99 -o CMakeFiles/cmTC_9bc53.dir/feature_tests.c.o   -c /wksp/int/KGLRefactor/karma/nbbuild/CMakeFiles/feature_tests.c
cc1: warning: command line option ‘-std=c++17’ is valid for C++/ObjC++ but not for C
Linking C executable cmTC_9bc53
/usr/bin/cmake -E cmake_link_script CMakeFiles/cmTC_9bc53.dir/link.txt --verbose=1
/usr/bin/cc -g -std=c++17 -lstdc++fs -fPIC      -rdynamic CMakeFiles/cmTC_9bc53.dir/feature_tests.c.o  -o cmTC_9bc53 
gmake[1]: Leaving directory '/wksp/int/KGLRefactor/karma/nbbuild/CMakeFiles/CMakeTmp'


    Feature record: C_FEATURE:1c_function_prototypes
    Feature record: C_FEATURE:1c_restrict
    Feature record: C_FEATURE:0c_static_assert
    Feature record: C_FEATURE:1c_variadic_macros


Detecting C [-std=c90] compiler features compiled with the following output:
Change Dir: /wksp/int/KGLRefactor/karma/nbbuild/CMakeFiles/CMakeTmp

Run Build Command:"/usr/bin/gmake" "cmTC_a9513/fast"
/usr/bin/gmake -f CMakeFiles/cmTC_a9513.dir/build.make CMakeFiles/cmTC_a9513.dir/build
gmake[1]: Entering directory '/wksp/int/KGLRefactor/karma/nbbuild/CMakeFiles/CMakeTmp'
Building C object CMakeFiles/cmTC_a9513.dir/feature_tests.c.o
/usr/bin/cc   -g -std=c++17 -lstdc++fs -fPIC     -std=c90 -o CMakeFiles/cmTC_a9513.dir/feature_tests.c.o   -c /wksp/int/KGLRefactor/karma/nbbuild/CMakeFiles/feature_tests.c
cc1: warning: command line option ‘-std=c++17’ is valid for C++/ObjC++ but not for C
Linking C executable cmTC_a9513
/usr/bin/cmake -E cmake_link_script CMakeFiles/cmTC_a9513.dir/link.txt --verbose=1
/usr/bin/cc -g -std=c++17 -lstdc++fs -fPIC      -rdynamic CMakeFiles/cmTC_a9513.dir/feature_tests.c.o  -o cmTC_a9513 
gmake[1]: Leaving directory '/wksp/int/KGLRefactor/karma/nbbuild/CMakeFiles/CMakeTmp'


    Feature record: C_FEATURE:1c_function_prototypes
    Feature record: C_FEATURE:0c_restrict
    Feature record: C_FEATURE:0c_static_assert
    Feature record: C_FEATURE:0c_variadic_macros
Determining if the include file pthread.h exists passed with the following output:
Change Dir: /wksp/int/KGLRefactor/karma/nbbuild/CMakeFiles/CMakeTmp

Run Build Command:"/usr/bin/gmake" "cmTC_567fe/fast"
/usr/bin/gmake -f CMakeFiles/cmTC_567fe.dir/build.make CMakeFiles/cmTC_567fe.dir/build
gmake[1]: Entering directory '/wksp/int/KGLRefactor/karma/nbbuild/CMakeFiles/CMakeTmp'
Building C object CMakeFiles/cmTC_567fe.dir/CheckIncludeFile.c.o
/usr/bin/cc   -g -std=c++17 -lstdc++fs -fPIC     -o CMakeFiles/cmTC_567fe.dir/CheckIncludeFile.c.o   -c /wksp/int/KGLRefactor/karma/nbbuild/CMakeFiles/CMakeTmp/CheckIncludeFile.c
cc1: warning: command line option ‘-std=c++17’ is valid for C++/ObjC++ but not for C
Linking C executable cmTC_567fe
/usr/bin/cmake -E cmake_link_script CMakeFiles/cmTC_567fe.dir/link.txt --verbose=1
/usr/bin/cc -g -std=c++17 -lstdc++fs -fPIC      -rdynamic CMakeFiles/cmTC_567fe.dir/CheckIncludeFile.c.o  -o cmTC_567fe 
gmake[1]: Leaving directory '/wksp/int/KGLRefactor/karma/nbbuild/CMakeFiles/CMakeTmp'


Determining if the function XOpenDisplay exists in the /usr/lib64/libX11.so;/usr/lib64/libXext.so passed with the following output:
Change Dir: /wksp/int/KGLRefactor/karma/nbbuild/CMakeFiles/CMakeTmp

Run Build Command:"/usr/bin/gmake" "cmTC_d2013/fast"
/usr/bin/gmake -f CMakeFiles/cmTC_d2013.dir/build.make CMakeFiles/cmTC_d2013.dir/build
gmake[1]: Entering directory '/wksp/int/KGLRefactor/karma/nbbuild/CMakeFiles/CMakeTmp'
Building CXX object CMakeFiles/cmTC_d2013.dir/CheckFunctionExists.cxx.o
/usr/bin/c++    -g -std=c++17 -lstdc++fs -fPIC  -DCHECK_FUNCTION_EXISTS=XOpenDisplay   -o CMakeFiles/cmTC_d2013.dir/CheckFunctionExists.cxx.o -c /wksp/int/KGLRefactor/karma/nbbuild/CMakeFiles/CheckLibraryExists/CheckFunctionExists.cxx
Linking CXX executable cmTC_d2013
/usr/bin/cmake -E cmake_link_script CMakeFiles/cmTC_d2013.dir/link.txt --verbose=1
/usr/bin/c++  -g -std=c++17 -lstdc++fs -fPIC  -DCHECK_FUNCTION_EXISTS=XOpenDisplay    -rdynamic CMakeFiles/cmTC_d2013.dir/CheckFunctionExists.cxx.o  -o cmTC_d2013 /usr/lib64/libX11.so /usr/lib64/libXext.so 
gmake[1]: Leaving directory '/wksp/int/KGLRefactor/karma/nbbuild/CMakeFiles/CMakeTmp'


Determining if the function gethostbyname exists passed with the following output:
Change Dir: /wksp/int/KGLRefactor/karma/nbbuild/CMakeFiles/CMakeTmp

Run Build Command:"/usr/bin/gmake" "cmTC_a9235/fast"
/usr/bin/gmake -f CMakeFiles/cmTC_a9235.dir/build.make CMakeFiles/cmTC_a9235.dir/build
gmake[1]: Entering directory '/wksp/int/KGLRefactor/karma/nbbuild/CMakeFiles/CMakeTmp'
Building CXX object CMakeFiles/cmTC_a9235.dir/CheckFunctionExists.cxx.o
/usr/bin/c++    -g -std=c++17 -lstdc++fs -fPIC  -DCHECK_FUNCTION_EXISTS=gethostbyname   -std=gnu++1z -o CMakeFiles/cmTC_a9235.dir/CheckFunctionExists.cxx.o -c /wksp/int/KGLRefactor/karma/nbbuild/CMakeFiles/CheckFunctionExists/CheckFunctionExists.cxx
Linking CXX executable cmTC_a9235
/usr/bin/cmake -E cmake_link_script CMakeFiles/cmTC_a9235.dir/link.txt --verbose=1
/usr/bin/c++  -g -std=c++17 -lstdc++fs -fPIC  -DCHECK_FUNCTION_EXISTS=gethostbyname    CMakeFiles/cmTC_a9235.dir/CheckFunctionExists.cxx.o  -o cmTC_a9235 
gmake[1]: Leaving directory '/wksp/int/KGLRefactor/karma/nbbuild/CMakeFiles/CMakeTmp'


Determining if the function connect exists passed with the following output:
Change Dir: /wksp/int/KGLRefactor/karma/nbbuild/CMakeFiles/CMakeTmp

Run Build Command:"/usr/bin/gmake" "cmTC_caf81/fast"
/usr/bin/gmake -f CMakeFiles/cmTC_caf81.dir/build.make CMakeFiles/cmTC_caf81.dir/build
gmake[1]: Entering directory '/wksp/int/KGLRefactor/karma/nbbuild/CMakeFiles/CMakeTmp'
Building CXX object CMakeFiles/cmTC_caf81.dir/CheckFunctionExists.cxx.o
/usr/bin/c++    -g -std=c++17 -lstdc++fs -fPIC  -DCHECK_FUNCTION_EXISTS=connect   -std=gnu++1z -o CMakeFiles/cmTC_caf81.dir/CheckFunctionExists.cxx.o -c /wksp/int/KGLRefactor/karma/nbbuild/CMakeFiles/CheckFunctionExists/CheckFunctionExists.cxx
Linking CXX executable cmTC_caf81
/usr/bin/cmake -E cmake_link_script CMakeFiles/cmTC_caf81.dir/link.txt --verbose=1
/usr/bin/c++  -g -std=c++17 -lstdc++fs -fPIC  -DCHECK_FUNCTION_EXISTS=connect    CMakeFiles/cmTC_caf81.dir/CheckFunctionExists.cxx.o  -o cmTC_caf81 
gmake[1]: Leaving directory '/wksp/int/KGLRefactor/karma/nbbuild/CMakeFiles/CMakeTmp'


Determining if the function remove exists passed with the following output:
Change Dir: /wksp/int/KGLRefactor/karma/nbbuild/CMakeFiles/CMakeTmp

Run Build Command:"/usr/bin/gmake" "cmTC_5de16/fast"
/usr/bin/gmake -f CMakeFiles/cmTC_5de16.dir/build.make CMakeFiles/cmTC_5de16.dir/build
gmake[1]: Entering directory '/wksp/int/KGLRefactor/karma/nbbuild/CMakeFiles/CMakeTmp'
Building CXX object CMakeFiles/cmTC_5de16.dir/CheckFunctionExists.cxx.o
/usr/bin/c++    -g -std=c++17 -lstdc++fs -fPIC  -DCHECK_FUNCTION_EXISTS=remove   -std=gnu++1z -o CMakeFiles/cmTC_5de16.dir/CheckFunctionExists.cxx.o -c /wksp/int/KGLRefactor/karma/nbbuild/CMakeFiles/CheckFunctionExists/CheckFunctionExists.cxx
Linking CXX executable cmTC_5de16
/usr/bin/cmake -E cmake_link_script CMakeFiles/cmTC_5de16.dir/link.txt --verbose=1
/usr/bin/c++  -g -std=c++17 -lstdc++fs -fPIC  -DCHECK_FUNCTION_EXISTS=remove    CMakeFiles/cmTC_5de16.dir/CheckFunctionExists.cxx.o  -o cmTC_5de16 
gmake[1]: Leaving directory '/wksp/int/KGLRefactor/karma/nbbuild/CMakeFiles/CMakeTmp'


Determining if the function shmat exists passed with the following output:
Change Dir: /wksp/int/KGLRefactor/karma/nbbuild/CMakeFiles/CMakeTmp

Run Build Command:"/usr/bin/gmake" "cmTC_631b2/fast"
/usr/bin/gmake -f CMakeFiles/cmTC_631b2.dir/build.make CMakeFiles/cmTC_631b2.dir/build
gmake[1]: Entering directory '/wksp/int/KGLRefactor/karma/nbbuild/CMakeFiles/CMakeTmp'
Building CXX object CMakeFiles/cmTC_631b2.dir/CheckFunctionExists.cxx.o
/usr/bin/c++    -g -std=c++17 -lstdc++fs -fPIC  -DCHECK_FUNCTION_EXISTS=shmat   -std=gnu++1z -o CMakeFiles/cmTC_631b2.dir/CheckFunctionExists.cxx.o -c /wksp/int/KGLRefactor/karma/nbbuild/CMakeFiles/CheckFunctionExists/CheckFunctionExists.cxx
Linking CXX executable cmTC_631b2
/usr/bin/cmake -E cmake_link_script CMakeFiles/cmTC_631b2.dir/link.txt --verbose=1
/usr/bin/c++  -g -std=c++17 -lstdc++fs -fPIC  -DCHECK_FUNCTION_EXISTS=shmat    CMakeFiles/cmTC_631b2.dir/CheckFunctionExists.cxx.o  -o cmTC_631b2 
gmake[1]: Leaving directory '/wksp/int/KGLRefactor/karma/nbbuild/CMakeFiles/CMakeTmp'


Determining if the function IceConnectionNumber exists in the ICE passed with the following output:
Change Dir: /wksp/int/KGLRefactor/karma/nbbuild/CMakeFiles/CMakeTmp

Run Build Command:"/usr/bin/gmake" "cmTC_6abe9/fast"
/usr/bin/gmake -f CMakeFiles/cmTC_6abe9.dir/build.make CMakeFiles/cmTC_6abe9.dir/build
gmake[1]: Entering directory '/wksp/int/KGLRefactor/karma/nbbuild/CMakeFiles/CMakeTmp'
Building CXX object CMakeFiles/cmTC_6abe9.dir/CheckFunctionExists.cxx.o
/usr/bin/c++    -g -std=c++17 -lstdc++fs -fPIC  -DCHECK_FUNCTION_EXISTS=IceConnectionNumber   -o CMakeFiles/cmTC_6abe9.dir/CheckFunctionExists.cxx.o -c /wksp/int/KGLRefactor/karma/nbbuild/CMakeFiles/CheckLibraryExists/CheckFunctionExists.cxx
Linking CXX executable cmTC_6abe9
/usr/bin/cmake -E cmake_link_script CMakeFiles/cmTC_6abe9.dir/link.txt --verbose=1
/usr/bin/c++  -g -std=c++17 -lstdc++fs -fPIC  -DCHECK_FUNCTION_EXISTS=IceConnectionNumber    -rdynamic CMakeFiles/cmTC_6abe9.dir/CheckFunctionExists.cxx.o  -o cmTC_6abe9 -lICE 
gmake[1]: Leaving directory '/wksp/int/KGLRefactor/karma/nbbuild/CMakeFiles/CMakeTmp'


