Determining if the pthread_create exist failed with the following output:
Change Dir: /wksp/int/KGLRefactor/karma/nbbuild/CMakeFiles/CMakeTmp

Run Build Command:"/usr/bin/gmake" "cmTC_42b7c/fast"
/usr/bin/gmake -f CMakeFiles/cmTC_42b7c.dir/build.make CMakeFiles/cmTC_42b7c.dir/build
gmake[1]: Entering directory '/wksp/int/KGLRefactor/karma/nbbuild/CMakeFiles/CMakeTmp'
Building C object CMakeFiles/cmTC_42b7c.dir/CheckSymbolExists.c.o
/usr/bin/cc   -g -std=c++17 -lstdc++fs -fPIC     -o CMakeFiles/cmTC_42b7c.dir/CheckSymbolExists.c.o   -c /wksp/int/KGLRefactor/karma/nbbuild/CMakeFiles/CMakeTmp/CheckSymbolExists.c
cc1: warning: command line option ‘-std=c++17’ is valid for C++/ObjC++ but not for C
Linking C executable cmTC_42b7c
/usr/bin/cmake -E cmake_link_script CMakeFiles/cmTC_42b7c.dir/link.txt --verbose=1
/usr/bin/cc -g -std=c++17 -lstdc++fs -fPIC      -rdynamic CMakeFiles/cmTC_42b7c.dir/CheckSymbolExists.c.o  -o cmTC_42b7c 
CMakeFiles/cmTC_42b7c.dir/CheckSymbolExists.c.o: In function `main':
/wksp/int/KGLRefactor/karma/nbbuild/CMakeFiles/CMakeTmp/CheckSymbolExists.c:8: undefined reference to `pthread_create'
collect2: error: ld returned 1 exit status
gmake[1]: *** [CMakeFiles/cmTC_42b7c.dir/build.make:87: cmTC_42b7c] Error 1
gmake[1]: Leaving directory '/wksp/int/KGLRefactor/karma/nbbuild/CMakeFiles/CMakeTmp'
gmake: *** [Makefile:126: cmTC_42b7c/fast] Error 2

File /wksp/int/KGLRefactor/karma/nbbuild/CMakeFiles/CMakeTmp/CheckSymbolExists.c:
/* */
#include <pthread.h>

int main(int argc, char** argv)
{
  (void)argv;
#ifndef pthread_create
  return ((int*)(&pthread_create))[argc];
#else
  (void)argc;
  return 0;
#endif
}

